SUMMARY
    Core___  PASS
    - yahoo: PASS (no substitute triggering dump)
    - dom:   PASS (no Dom.get(Element instance) calls or setStyle fontFamily)
    - event: PASS

    Utils___      PENDING
    - animation:  PASS
    - connection: PASS (no XML responses and no setForm)
    - cookie:     FAIL (expected)
    - datasource:
    - dd:         PASS (no outer drag handle. Drag element can lose conx with rapid mouse)
    - element:    PASS (no setStyle fontFamily)
    - get:
    - history:
    - imageloader:
    - json:
    - resize:
    - selector:

    Widgets___    PENDING
    - treeview: TENTATIVE PASS (not thoroughly tested)
    - tabview:  TENTATIVE PASS (not thoroughly tested)
    - AutoComplete: TENTATIVE PASS (w bug workaround, not thoroughly tested)

    Tools___
    - profiler: PASS (no registerObject("{fn:function(){..}}") or registerFunction("foo.bar"))
    - yuitest:
    - logger:


DETAIL

animation (Passed:5 Failed:0 Total:5)
 - Tests appear to be passing before completion of the animations
 - The animations work, however

autocomplete (Passed:14 Failed:1 Total:15)
 - Bug #1074 el.appendChild(el2) return undefined (patched in Felix head)
 - Bug #1075 focus/blur listeners not executed (workaround found in
   tests/examples/ac_basic_array_clean.html)
 * testExpandCollapseContainer: Expected container to be closed again
   Expected: (string)
   Actual:none (string)

connection ()
 - Simple example as test passes
 - 4 YDN examples work, 1 Fails because o.responseXML is {} (bug #1073)

 ** Unable to get test suite running **
 - bug #1064:
     - Caja can't locate form elements by frm.foo.  You have to do
       frm.elements.foo.
     - frm.elements.radioGroupName returns a single input (how to get others?)
     - document.forms returns undefined

cookie (Passed:137 Failed:31 Total:168) -- EXPECTED TO FAIL
  * testGetComplex: Retrieved cookie value is incorrect.
    Expected: Nicholas Zakas (string)
    Actual:null (object)
  * testGetComplexWithTrueRaw: Retrieved cookie value is
    incorrect.
    Expected: as.bd ed|ieh,~!!@#$%^*=098345|}{<>? (string)
    Actual:null (object)
  * testGetSubsComplex: UnexpectedError: invalid "in" operand:
    null
  * testGetSubSimple: Subcookie value is incorrect.
    Expected: d (string)
    Actual:null (object)
  * testGetSubComplex: Subcookie value is wrong.
    Expected: no way (string)
    Actual:null (object)
  * testGetSubWithBooleanConverter: Retrieved subcookie value
    should be a boolean. Unexpected: null (object)
  * testGetSubWithNumberConverter: Retrieved subcookie value
    should be a number. Unexpected: null (object)
  * testGetSubWithCustomConverter: Retrieved subcookie value
    should be a boolean. Unexpected: null (object)
  * testGetSubWithInvalidConverter: Retrieved subcookie value
    should be a string. Unexpected: null (object)
  * testSubGetSpecial: Sub cookie string is incorrect.
    Expected: Something with & and = (string)
    Actual:null (object)
  * testRemoveSubSimple: Cookie string is incorrect.
    Expected:
    data=a=b&e=f&g=h&found=true&count=11&age=29&title=f2e&stuff=no
    %20way&special=Something%20with%20%26%20and%20%3D (string)
    Actual: (string)
  * testRemoveLastSub: Cookie string is incorrect.
    Expected: (string)
    Actual:null (object)
  * testRemoveLastSubWithFalseRemoveIfEmpty: Cookie string is
    incorrect.
    Expected: (string)
    Actual:null (object)
  * testRemoveNotLastSubWithTrueRemoveIfEmpty: Cookie string is
    incorrect.
    Expected:
    data=a=b&e=f&g=h&found=true&count=11&age=29&title=f2e&stuff=no
    %20way&special=Something%20with%20%26%20and%20%3D (string)
    Actual: (string)
  * testRemoveNotLastSubWithFalseRemoveIfEmpty: Cookie string is
    incorrect.
    Expected:
    data=a=b&e=f&g=h&found=true&count=11&age=29&title=f2e&stuff=no
    %20way&special=Something%20with%20%26%20and%20%3D (string)
    Actual: (string)
  * testRemoveNotLastSubWithInvalidRemoveIfEmpty: Cookie string
    is incorrect.
    Expected:
    data=a=b&e=f&g=h&found=true&count=11&age=29&title=f2e&stuff=no
    %20way&special=Something%20with%20%26%20and%20%3D (string)
    Actual: (string)
  * testRemoveSimple: Cookie value should be null.
    Expected: null (object)
    Actual: (string)
  * testSetMulti: Cookies were not set to document.
    Expected: data=1234; name=Nicholas%20C.%20Zakas (string)
    Actual:name=Nicholas%20C.%20Zakas (string)
  * testSetSimpleWithPath: Cookie was not set to document.
    Expected: name=value (string)
    Actual:name=value; path=/ (string)
  * testSetSimpleWithExpiry: Cookie was not set to document.
    Expected: name=value (string)
    Actual:name=value; expires=Wed, 01 Jan 2070 00:00:00 GMT
    (string)
  * testSetComplexWithPath: Cookie was not set to document.
    Expected:
    c.f%20name=as.bd%20ed%7Cieh%2C~!!%40%23%24%25%5E*%3D098345%7C%
    7D%7B%3C%3E%3F (string)
    Actual:c.f%20name=as.bd%20ed%7Cieh%2C~!!%40%23%24%25%5E*%3D098
    345%7C%7D%7B%3C%3E%3F; path=/ (string)
  * testSetComplexWithExpiry: Cookie was not set to document.
    Expected:
    c.f%20name=as.bd%20ed%7Cieh%2C~!!%40%23%24%25%5E*%3D098345%7C%
    7D%7B%3C%3E%3F (string)
    Actual:c.f%20name=as.bd%20ed%7Cieh%2C~!!%40%23%24%25%5E*%3D098
    345%7C%7D%7B%3C%3E%3F; expires=Wed, 01 Jan 2070 00:00:00 GMT
    (string)
  * testSetSubSimpleWithPath: Cookie was not set to document.
    Expected: name=sub=value (string)
    Actual:name=sub=value; path=/ (string)
  * testSetSubSimpleWithExpiry: Cookie was not set to document.
    Expected: name=sub=value (string)
    Actual:name=sub=value; expires=Wed, 01 Jan 2070 00:00:00 GMT
    (string)
  * testSetSubsSimpleWithPath: Cookie was not set to document.
    Expected: data=a=b&c=d&e=f&g=h (string)
    Actual:data=a=b&c=d&e=f&g=h; path=/ (string)
  * testSetSubsSimpleWithExpiry: Cookie was not set to document.
    Expected: data=a=b&c=d&e=f&g=h (string)
    Actual:data=a=b&c=d&e=f&g=h; expires=Wed, 01 Jan 2070
    00:00:00 GMT (string)

datasource (Passed:12 Failed:3 Total:15)
  * testLocalContruction: UnexpectedError: not found:
    ActiveXObject
  * testXHRSendRequest: XHR failure case.
  * testXHRHTMLTable: XHR failure case

dd (Passed:5 Failed:3 Total:8)
  * test_dragOver: dragOver should have fired 5 times
    Expected: 5 (number)
    Actual:7 (number)
  * test_bodyScroll: dragOver should have fired 5 times
    Expected: 5 (number)
    Actual:7 (number)
  * test_containerScroll: dragOver should have fired 5 times
    Expected: 5 (number)
    Actual:7 (number)
  - From non-yuitest page:
  Inner drag handles work, but mouse activity can disconnect with element, causing the element to stay put while the mouse moves around.  Mouseup does not change this.  In fact, after disconnect, mouseover will latch on to the element again despite button state.

dom (Passed:30 Failed:2 Total:34) -- FAILURES ARE NOT CRITICAL
  * test_get: YAHOO.util.Element('doc')
    Expected: <DIV> (object)
    Actual: (object)
    REASON: all DOM nodes have 'length' property, causing Dom.get to treat it as an array. (bug #1067)

  * test_setAttribute: Y.Dom.setAttribute(el, 'for', 'foo')
    Expected: foo (string)
    Actual:undefined (undefined)
    REASON: setAttribute in caja does not propagate to htmlFor attribute (bug #1066)

element (Passed:11 Failed:2 Total:13) -- FAILURES ARE NOT CRITICAL
  * test_DomEvent: UnexpectedError: Unrecognized event type MouseEvents
  * test_attribute: UnexpectedError: bad value `tahoma` for CSS property fontFamily
  - REASON: el.style.fontFamily only accepts 'serif', 'sans-serif', and 'monospace' (bug #1069)

event
  - No formal test suite
  - test gadget works for all event related items
  - all examples work

get
  - No formal test suite
  - no expectation it will work

history
  - No formal test suite
  - no expectation it will work

imageloader
  - test won't cajole because of abs URLs?

json
  - bug to fork behavior for caja env
  - test suite needs to be migrated from yui3

profiler (Passed:13 Failed:1 Total:14)
  * testRegisterGlobalFunctionOnGlobalObject: UnexpectedError:
    not found: eval

resize
  - in Test dir

selector (Passed:4 Failed:8 Total:12)
  * testTest: type=checkbox:checked
    Expected: true (boolean)
    Actual:false (boolean)
  * testNthLastChild: 2n+1
    Expected: <LI> (object)
    Actual:undefined (undefined)
  * testNthType: odd
    Expected: <LI> (object)
    Actual:undefined (undefined)
  * testNthChild: 3n+1
    Expected: <LI> (object)
    Actual:undefined (undefined)
  * testSelector: UnexpectedError: callMethod: p, p,, has no
    method callee
  * testPseudo: contains(demo2)
    Expected: true (boolean)
    Actual:false (boolean)
  * testAttr: [title="this is a [demo]"]
    Expected: true (boolean)
    Actual:false (boolean)
  * testOffDom: UnexpectedError: obj is null

yahoo (Passed:16 Failed:6 Total:22)
  * test_config: Values in position 0 are not equal.
    Expected: yahoo (string)
    Actual:undefined (undefined)
    ???
  * test_is_array: Element collections are array-like, but not
    arrays
    Expected: false (boolean)
    Actual:true (boolean)
    EXPECTED BEHAVIOR
  * test_is_array_xframe: UnexpectedError: not found: xframe
    EXPECTED BEHAVIOR
  * test_is_function_xframe: UnexpectedError: not found: xframe
    EXPECTED BEHAVIOR
  * test_is_object_xframe: UnexpectedError: not found: xframe
    EXPECTED BEHAVIOR
  * test_substitute: failed one level object dump
    Expected: {level1_1 => 1.1, level1_2 => 1.2, level1_3 =>
    {...}, level1_4 => 1.4} (string)
    Actual:[object Object] (string)
    REASON: substitute checks that an object's toString method is
            Object.proto.toString.  If not, it calls the "custom" toString.
            Caja applies a !O.p toString.

yuiloader
  - Not tested

yuitest (Passed:49 Failed:68 Total:118)
  * testJsonFormat: UnexpectedError: Cannot read property
    "stringify" from undefined
  * testXmlFormat: UnexpectedError: callMethod: [object Object]
    has no method callee
  * everything iframe related (4)
  * all MouseEvents tests (44)
  * all KeyEvent tests (18)
